---------------------------------------------------------------
[2019-12-13T16:10:00+08:00] 127.0.0.1 GET localhost:8000/
[运行时间：0.044839s] [吞吐率：22.30req/s] [内存消耗：1,990.78kb] [文件加载：66]
[ info ] [ LANG ] F:\workspace\php\store\thinkphp\lang\zh-cn.php
[ info ] [ ROUTE ] array (
)
[ info ] [ HEADER ] array (
  'host' => 'localhost:8000',
  'connection' => 'keep-alive',
  'cache-control' => 'max-age=0',
  'upgrade-insecure-requests' => '1',
  'user-agent' => 'Mozilla/5.0 (Windows NT 10.0; WOW64) AppleWebKit/537.36 (KHTML, like Gecko) Chrome/78.0.3904.70 Safari/537.36',
  'sec-fetch-user' => '?1',
  'accept' => 'text/html,application/xhtml+xml,application/xml;q=0.9,image/webp,image/apng,*/*;q=0.8,application/signed-exchange;v=b3',
  'sec-fetch-site' => 'none',
  'sec-fetch-mode' => 'navigate',
  'accept-encoding' => 'gzip, deflate, br',
  'accept-language' => 'zh-CN,zh;q=0.9',
)
[ info ] [ PARAM ] array (
)
---------------------------------------------------------------
[2019-12-13T16:10:00+08:00] 127.0.0.1 GET localhost:8000/index.php?s=/user/index/index.html
[运行时间：0.029763s] [吞吐率：33.60req/s] [内存消耗：2,040.91kb] [文件加载：68]
[ info ] [ LANG ] F:\workspace\php\store\thinkphp\lang\zh-cn.php
[ info ] [ ROUTE ] array (
)
[ info ] [ HEADER ] array (
  'host' => 'localhost:8000',
  'connection' => 'keep-alive',
  'cache-control' => 'max-age=0',
  'upgrade-insecure-requests' => '1',
  'user-agent' => 'Mozilla/5.0 (Windows NT 10.0; WOW64) AppleWebKit/537.36 (KHTML, like Gecko) Chrome/78.0.3904.70 Safari/537.36',
  'sec-fetch-user' => '?1',
  'accept' => 'text/html,application/xhtml+xml,application/xml;q=0.9,image/webp,image/apng,*/*;q=0.8,application/signed-exchange;v=b3',
  'sec-fetch-site' => 'none',
  'sec-fetch-mode' => 'navigate',
  'accept-encoding' => 'gzip, deflate, br',
  'accept-language' => 'zh-CN,zh;q=0.9',
)
[ info ] [ PARAM ] array (
)
---------------------------------------------------------------
[2019-12-13T16:10:01+08:00] 127.0.0.1 GET localhost:8000/index.php?s=/user/login/login.html
[运行时间：0.028283s] [吞吐率：35.36req/s] [内存消耗：2,171.37kb] [文件加载：69]
[ info ] [ LANG ] F:\workspace\php\store\thinkphp\lang\zh-cn.php
[ info ] [ ROUTE ] array (
)
[ info ] [ HEADER ] array (
  'host' => 'localhost:8000',
  'connection' => 'keep-alive',
  'cache-control' => 'max-age=0',
  'upgrade-insecure-requests' => '1',
  'user-agent' => 'Mozilla/5.0 (Windows NT 10.0; WOW64) AppleWebKit/537.36 (KHTML, like Gecko) Chrome/78.0.3904.70 Safari/537.36',
  'sec-fetch-user' => '?1',
  'accept' => 'text/html,application/xhtml+xml,application/xml;q=0.9,image/webp,image/apng,*/*;q=0.8,application/signed-exchange;v=b3',
  'sec-fetch-site' => 'none',
  'sec-fetch-mode' => 'navigate',
  'accept-encoding' => 'gzip, deflate, br',
  'accept-language' => 'zh-CN,zh;q=0.9',
  'cookie' => 'PHPSESSID=86n9of52cgnqfvl27cfej2f2me',
)
[ info ] [ PARAM ] array (
)
[ info ] [ VIEW ] F:\workspace\php\store\application\user\view\login\login.html [ array (
) ]
---------------------------------------------------------------
[2019-12-13T16:12:48+08:00] 127.0.0.1 GET localhost:8000/assets/user/js/swiper.min.js.map
[运行时间：0.035498s] [吞吐率：28.17req/s] [内存消耗：1,563.42kb] [文件加载：57]
[ info ] [ LANG ] F:\workspace\php\store\thinkphp\lang\zh-cn.php
---------------------------------------------------------------
[2019-12-13T16:12:51+08:00] 127.0.0.1 GET localhost:8000/index.php?s=/user/login/login.html
[运行时间：0.058899s] [吞吐率：16.98req/s] [内存消耗：2,008.88kb] [文件加载：67]
[ info ] [ LANG ] F:\workspace\php\store\thinkphp\lang\zh-cn.php
[ info ] [ ROUTE ] array (
)
[ info ] [ HEADER ] array (
  'host' => 'localhost:8000',
  'connection' => 'keep-alive',
  'cache-control' => 'max-age=0',
  'upgrade-insecure-requests' => '1',
  'user-agent' => 'Mozilla/5.0 (Windows NT 10.0; WOW64) AppleWebKit/537.36 (KHTML, like Gecko) Chrome/78.0.3904.70 Safari/537.36',
  'sec-fetch-user' => '?1',
  'accept' => 'text/html,application/xhtml+xml,application/xml;q=0.9,image/webp,image/apng,*/*;q=0.8,application/signed-exchange;v=b3',
  'sec-fetch-site' => 'none',
  'sec-fetch-mode' => 'navigate',
  'accept-encoding' => 'gzip, deflate, br',
  'accept-language' => 'zh-CN,zh;q=0.9',
  'cookie' => 'PHPSESSID=86n9of52cgnqfvl27cfej2f2me',
)
[ info ] [ PARAM ] array (
)
[ info ] [ VIEW ] F:\workspace\php\store\application\user\view\login\login.html [ array (
) ]
---------------------------------------------------------------
[2019-12-13T16:12:52+08:00] 127.0.0.1 GET localhost:8000/assets/user/js/swiper.min.js.map
[运行时间：0.021033s] [吞吐率：47.54req/s] [内存消耗：1,563.42kb] [文件加载：57]
[ info ] [ LANG ] F:\workspace\php\store\thinkphp\lang\zh-cn.php
---------------------------------------------------------------
[2019-12-13T16:13:00+08:00] 127.0.0.1 POST localhost:8000/index.php?s=/user/login/login.html
[运行时间：0.077488s] [吞吐率：12.91req/s] [内存消耗：3,637.90kb] [文件加载：86]
[ info ] [ LANG ] F:\workspace\php\store\thinkphp\lang\zh-cn.php
[ info ] [ ROUTE ] array (
)
[ info ] [ HEADER ] array (
  'host' => 'localhost:8000',
  'connection' => 'keep-alive',
  'content-length' => '75',
  'accept' => 'application/json, text/javascript, */*; q=0.01',
  'origin' => 'http://localhost:8000',
  'x-requested-with' => 'XMLHttpRequest',
  'user-agent' => 'Mozilla/5.0 (Windows NT 10.0; WOW64) AppleWebKit/537.36 (KHTML, like Gecko) Chrome/78.0.3904.70 Safari/537.36',
  'content-type' => 'application/x-www-form-urlencoded; charset=UTF-8',
  'sec-fetch-site' => 'same-origin',
  'sec-fetch-mode' => 'cors',
  'referer' => 'http://localhost:8000/index.php?s=/user/login/login.html',
  'accept-encoding' => 'gzip, deflate, br',
  'accept-language' => 'zh-CN,zh;q=0.9',
  'cookie' => 'PHPSESSID=86n9of52cgnqfvl27cfej2f2me',
)
[ info ] [ PARAM ] array (
  'login' => 
  array (
    'user_name' => 'admin',
    'password' => '888888',
    'type' => 'login',
  ),
)
[ info ] [ DB ] INIT mysql
---------------------------------------------------------------
[2019-12-13T16:13:11+08:00] 127.0.0.1 POST localhost:8000/index.php?s=/user/login/login.html
[运行时间：0.053752s] [吞吐率：18.60req/s] [内存消耗：3,637.90kb] [文件加载：86]
[ info ] [ LANG ] F:\workspace\php\store\thinkphp\lang\zh-cn.php
[ info ] [ ROUTE ] array (
)
[ info ] [ HEADER ] array (
  'host' => 'localhost:8000',
  'connection' => 'keep-alive',
  'content-length' => '75',
  'accept' => 'application/json, text/javascript, */*; q=0.01',
  'origin' => 'http://localhost:8000',
  'x-requested-with' => 'XMLHttpRequest',
  'user-agent' => 'Mozilla/5.0 (Windows NT 10.0; WOW64) AppleWebKit/537.36 (KHTML, like Gecko) Chrome/78.0.3904.70 Safari/537.36',
  'content-type' => 'application/x-www-form-urlencoded; charset=UTF-8',
  'sec-fetch-site' => 'same-origin',
  'sec-fetch-mode' => 'cors',
  'referer' => 'http://localhost:8000/index.php?s=/user/login/login.html',
  'accept-encoding' => 'gzip, deflate, br',
  'accept-language' => 'zh-CN,zh;q=0.9',
  'cookie' => 'PHPSESSID=86n9of52cgnqfvl27cfej2f2me',
)
[ info ] [ PARAM ] array (
  'login' => 
  array (
    'user_name' => 'admin',
    'password' => '888888',
    'type' => 'login',
  ),
)
[ info ] [ DB ] INIT mysql
---------------------------------------------------------------
[2019-12-13T16:13:22+08:00] 127.0.0.1 POST localhost:8000/index.php?s=/user/login/login.html
[运行时间：0.051435s] [吞吐率：19.44req/s] [内存消耗：3,637.90kb] [文件加载：86]
[ info ] [ LANG ] F:\workspace\php\store\thinkphp\lang\zh-cn.php
[ info ] [ ROUTE ] array (
)
[ info ] [ HEADER ] array (
  'host' => 'localhost:8000',
  'connection' => 'keep-alive',
  'content-length' => '75',
  'accept' => 'application/json, text/javascript, */*; q=0.01',
  'origin' => 'http://localhost:8000',
  'x-requested-with' => 'XMLHttpRequest',
  'user-agent' => 'Mozilla/5.0 (Windows NT 10.0; WOW64) AppleWebKit/537.36 (KHTML, like Gecko) Chrome/78.0.3904.70 Safari/537.36',
  'content-type' => 'application/x-www-form-urlencoded; charset=UTF-8',
  'sec-fetch-site' => 'same-origin',
  'sec-fetch-mode' => 'cors',
  'referer' => 'http://localhost:8000/index.php?s=/user/login/login.html',
  'accept-encoding' => 'gzip, deflate, br',
  'accept-language' => 'zh-CN,zh;q=0.9',
  'cookie' => 'PHPSESSID=86n9of52cgnqfvl27cfej2f2me',
)
[ info ] [ PARAM ] array (
  'login' => 
  array (
    'user_name' => 'admin',
    'password' => '888888',
    'type' => 'login',
  ),
)
[ info ] [ DB ] INIT mysql
---------------------------------------------------------------
[2019-12-13T16:14:49+08:00] 127.0.0.1 POST localhost:8000/index.php?s=/user/login/login.html
[运行时间：0.053627s] [吞吐率：18.65req/s] [内存消耗：3,637.87kb] [文件加载：86]
[ info ] [ LANG ] F:\workspace\php\store\thinkphp\lang\zh-cn.php
[ info ] [ ROUTE ] array (
)
[ info ] [ HEADER ] array (
  'host' => 'localhost:8000',
  'connection' => 'keep-alive',
  'content-length' => '74',
  'accept' => 'application/json, text/javascript, */*; q=0.01',
  'origin' => 'http://localhost:8000',
  'x-requested-with' => 'XMLHttpRequest',
  'user-agent' => 'Mozilla/5.0 (Windows NT 10.0; WOW64) AppleWebKit/537.36 (KHTML, like Gecko) Chrome/78.0.3904.70 Safari/537.36',
  'content-type' => 'application/x-www-form-urlencoded; charset=UTF-8',
  'sec-fetch-site' => 'same-origin',
  'sec-fetch-mode' => 'cors',
  'referer' => 'http://localhost:8000/index.php?s=/user/login/login.html',
  'accept-encoding' => 'gzip, deflate, br',
  'accept-language' => 'zh-CN,zh;q=0.9',
  'cookie' => 'PHPSESSID=86n9of52cgnqfvl27cfej2f2me',
)
[ info ] [ PARAM ] array (
  'login' => 
  array (
    'user_name' => 'admin',
    'password' => 'admin',
    'type' => 'login',
  ),
)
[ info ] [ DB ] INIT mysql
---------------------------------------------------------------
[2019-12-13T16:14:55+08:00] 127.0.0.1 POST localhost:8000/index.php?s=/user/login/login.html
[运行时间：0.071638s] [吞吐率：13.96req/s] [内存消耗：3,826.64kb] [文件加载：92]
[ info ] [ LANG ] F:\workspace\php\store\thinkphp\lang\zh-cn.php
[ info ] [ ROUTE ] array (
)
[ info ] [ HEADER ] array (
  'host' => 'localhost:8000',
  'connection' => 'keep-alive',
  'content-length' => '75',
  'accept' => 'application/json, text/javascript, */*; q=0.01',
  'origin' => 'http://localhost:8000',
  'x-requested-with' => 'XMLHttpRequest',
  'user-agent' => 'Mozilla/5.0 (Windows NT 10.0; WOW64) AppleWebKit/537.36 (KHTML, like Gecko) Chrome/78.0.3904.70 Safari/537.36',
  'content-type' => 'application/x-www-form-urlencoded; charset=UTF-8',
  'sec-fetch-site' => 'same-origin',
  'sec-fetch-mode' => 'cors',
  'referer' => 'http://localhost:8000/index.php?s=/user/login/login.html',
  'accept-encoding' => 'gzip, deflate, br',
  'accept-language' => 'zh-CN,zh;q=0.9',
  'cookie' => 'PHPSESSID=86n9of52cgnqfvl27cfej2f2me',
)
[ info ] [ PARAM ] array (
  'login' => 
  array (
    'user_name' => 'admin',
    'password' => '123456',
    'type' => 'login',
  ),
)
[ info ] [ DB ] INIT mysql
---------------------------------------------------------------
[2019-12-13T16:14:57+08:00] 127.0.0.1 GET localhost:8000/index.php?s=/user/index/index.html
[运行时间：0.102726s] [吞吐率：9.73req/s] [内存消耗：4,921.88kb] [文件加载：104]
[ info ] [ LANG ] F:\workspace\php\store\thinkphp\lang\zh-cn.php
[ info ] [ ROUTE ] array (
)
[ info ] [ HEADER ] array (
  'host' => 'localhost:8000',
  'connection' => 'keep-alive',
  'upgrade-insecure-requests' => '1',
  'user-agent' => 'Mozilla/5.0 (Windows NT 10.0; WOW64) AppleWebKit/537.36 (KHTML, like Gecko) Chrome/78.0.3904.70 Safari/537.36',
  'sec-fetch-user' => '?1',
  'accept' => 'text/html,application/xhtml+xml,application/xml;q=0.9,image/webp,image/apng,*/*;q=0.8,application/signed-exchange;v=b3',
  'sec-fetch-site' => 'same-origin',
  'sec-fetch-mode' => 'navigate',
  'referer' => 'http://localhost:8000/index.php?s=/user/login/login.html',
  'accept-encoding' => 'gzip, deflate, br',
  'accept-language' => 'zh-CN,zh;q=0.9',
  'cookie' => 'PHPSESSID=86n9of52cgnqfvl27cfej2f2me',
)
[ info ] [ PARAM ] array (
)
[ info ] [ DB ] INIT mysql
[ info ] [ VIEW ] F:\workspace\php\store\application\user\view\index\index.html [ array (
  0 => 'base_url',
  1 => 'store_url',
  2 => 'group',
  3 => 'url',
  4 => 'menu',
  5 => 'store',
  6 => 'request',
  7 => 'data',
  8 => 'version',
  9 => 'log',
) ]
---------------------------------------------------------------
[2019-12-13T16:14:58+08:00] 127.0.0.1 GET localhost:8000/assets/user/js/swiper.min.js.map
[运行时间：0.044703s] [吞吐率：22.37req/s] [内存消耗：1,563.42kb] [文件加载：57]
[ info ] [ LANG ] F:\workspace\php\store\thinkphp\lang\zh-cn.php
---------------------------------------------------------------
[2019-12-13T16:15:02+08:00] 127.0.0.1 GET localhost:8000/index.php?s=/user/user/index.html
[运行时间：0.055649s] [吞吐率：17.97req/s] [内存消耗：4,321.77kb] [文件加载：97]
[ info ] [ LANG ] F:\workspace\php\store\thinkphp\lang\zh-cn.php
[ info ] [ ROUTE ] array (
)
[ info ] [ HEADER ] array (
  'host' => 'localhost:8000',
  'connection' => 'keep-alive',
  'upgrade-insecure-requests' => '1',
  'user-agent' => 'Mozilla/5.0 (Windows NT 10.0; WOW64) AppleWebKit/537.36 (KHTML, like Gecko) Chrome/78.0.3904.70 Safari/537.36',
  'sec-fetch-user' => '?1',
  'accept' => 'text/html,application/xhtml+xml,application/xml;q=0.9,image/webp,image/apng,*/*;q=0.8,application/signed-exchange;v=b3',
  'sec-fetch-site' => 'same-origin',
  'sec-fetch-mode' => 'navigate',
  'referer' => 'http://localhost:8000/index.php?s=/user/index/index.html',
  'accept-encoding' => 'gzip, deflate, br',
  'accept-language' => 'zh-CN,zh;q=0.9',
  'cookie' => 'PHPSESSID=86n9of52cgnqfvl27cfej2f2me',
)
[ info ] [ PARAM ] array (
)
[ info ] [ DB ] INIT mysql
[ info ] [ VIEW ] F:\workspace\php\store\application\user\view\user\index.html [ array (
  0 => 'base_url',
  1 => 'store_url',
  2 => 'group',
  3 => 'url',
  4 => 'menu',
  5 => 'store',
  6 => 'request',
  7 => 'list',
  8 => 'page',
) ]
---------------------------------------------------------------
[2019-12-13T16:15:05+08:00] 127.0.0.1 GET localhost:8000/index.php?s=/user/index/index.html
[运行时间：0.094043s] [吞吐率：10.63req/s] [内存消耗：4,720.98kb] [文件加载：102]
[ info ] [ LANG ] F:\workspace\php\store\thinkphp\lang\zh-cn.php
[ info ] [ ROUTE ] array (
)
[ info ] [ HEADER ] array (
  'host' => 'localhost:8000',
  'connection' => 'keep-alive',
  'upgrade-insecure-requests' => '1',
  'user-agent' => 'Mozilla/5.0 (Windows NT 10.0; WOW64) AppleWebKit/537.36 (KHTML, like Gecko) Chrome/78.0.3904.70 Safari/537.36',
  'sec-fetch-user' => '?1',
  'accept' => 'text/html,application/xhtml+xml,application/xml;q=0.9,image/webp,image/apng,*/*;q=0.8,application/signed-exchange;v=b3',
  'sec-fetch-site' => 'same-origin',
  'sec-fetch-mode' => 'navigate',
  'referer' => 'http://localhost:8000/index.php?s=/user/user/index.html',
  'accept-encoding' => 'gzip, deflate, br',
  'accept-language' => 'zh-CN,zh;q=0.9',
  'cookie' => 'PHPSESSID=86n9of52cgnqfvl27cfej2f2me',
)
[ info ] [ PARAM ] array (
)
[ info ] [ DB ] INIT mysql
[ info ] [ VIEW ] F:\workspace\php\store\application\user\view\index\index.html [ array (
  0 => 'base_url',
  1 => 'store_url',
  2 => 'group',
  3 => 'url',
  4 => 'menu',
  5 => 'store',
  6 => 'request',
  7 => 'data',
  8 => 'version',
  9 => 'log',
) ]
---------------------------------------------------------------
[2019-12-13T16:15:12+08:00] 127.0.0.1 GET localhost:8000/index.php?s=/user/setting/index.html
[运行时间：0.060431s] [吞吐率：16.55req/s] [内存消耗：4,300.55kb] [文件加载：93]
[ info ] [ LANG ] F:\workspace\php\store\thinkphp\lang\zh-cn.php
[ info ] [ ROUTE ] array (
)
[ info ] [ HEADER ] array (
  'host' => 'localhost:8000',
  'connection' => 'keep-alive',
  'upgrade-insecure-requests' => '1',
  'user-agent' => 'Mozilla/5.0 (Windows NT 10.0; WOW64) AppleWebKit/537.36 (KHTML, like Gecko) Chrome/78.0.3904.70 Safari/537.36',
  'sec-fetch-user' => '?1',
  'accept' => 'text/html,application/xhtml+xml,application/xml;q=0.9,image/webp,image/apng,*/*;q=0.8,application/signed-exchange;v=b3',
  'sec-fetch-site' => 'same-origin',
  'sec-fetch-mode' => 'navigate',
  'referer' => 'http://localhost:8000/index.php?s=/user/index/index.html',
  'accept-encoding' => 'gzip, deflate, br',
  'accept-language' => 'zh-CN,zh;q=0.9',
  'cookie' => 'PHPSESSID=86n9of52cgnqfvl27cfej2f2me',
)
[ info ] [ PARAM ] array (
)
[ info ] [ DB ] INIT mysql
[ info ] [ VIEW ] F:\workspace\php\store\application\user\view\setting\store.html [ array (
  0 => 'base_url',
  1 => 'store_url',
  2 => 'group',
  3 => 'url',
  4 => 'menu',
  5 => 'store',
  6 => 'request',
  7 => 'values',
) ]
---------------------------------------------------------------
[2019-12-13T16:15:29+08:00] 127.0.0.1 GET localhost:8000/index.php?s=/user/auth/userindex.html
[运行时间：0.087245s] [吞吐率：11.46req/s] [内存消耗：4,252.01kb] [文件加载：96]
[ info ] [ LANG ] F:\workspace\php\store\thinkphp\lang\zh-cn.php
[ info ] [ ROUTE ] array (
)
[ info ] [ HEADER ] array (
  'host' => 'localhost:8000',
  'connection' => 'keep-alive',
  'upgrade-insecure-requests' => '1',
  'user-agent' => 'Mozilla/5.0 (Windows NT 10.0; WOW64) AppleWebKit/537.36 (KHTML, like Gecko) Chrome/78.0.3904.70 Safari/537.36',
  'sec-fetch-user' => '?1',
  'accept' => 'text/html,application/xhtml+xml,application/xml;q=0.9,image/webp,image/apng,*/*;q=0.8,application/signed-exchange;v=b3',
  'sec-fetch-site' => 'same-origin',
  'sec-fetch-mode' => 'navigate',
  'referer' => 'http://localhost:8000/index.php?s=/user/setting/index.html',
  'accept-encoding' => 'gzip, deflate, br',
  'accept-language' => 'zh-CN,zh;q=0.9',
  'cookie' => 'PHPSESSID=86n9of52cgnqfvl27cfej2f2me',
)
[ info ] [ PARAM ] array (
)
[ info ] [ DB ] INIT mysql
[ info ] [ VIEW ] F:\workspace\php\store\application\user\view\auth\user\index.html [ array (
  0 => 'base_url',
  1 => 'store_url',
  2 => 'group',
  3 => 'url',
  4 => 'menu',
  5 => 'store',
  6 => 'request',
  7 => 'list',
  8 => 'page',
  9 => 'tatal',
) ]
---------------------------------------------------------------
[2019-12-13T16:15:38+08:00] 127.0.0.1 GET localhost:8000/index.php?s=/user/market/coupon.html
[运行时间：0.062703s] [吞吐率：15.95req/s] [内存消耗：4,296.53kb] [文件加载：97]
[ info ] [ LANG ] F:\workspace\php\store\thinkphp\lang\zh-cn.php
[ info ] [ ROUTE ] array (
)
[ info ] [ HEADER ] array (
  'host' => 'localhost:8000',
  'connection' => 'keep-alive',
  'upgrade-insecure-requests' => '1',
  'user-agent' => 'Mozilla/5.0 (Windows NT 10.0; WOW64) AppleWebKit/537.36 (KHTML, like Gecko) Chrome/78.0.3904.70 Safari/537.36',
  'sec-fetch-user' => '?1',
  'accept' => 'text/html,application/xhtml+xml,application/xml;q=0.9,image/webp,image/apng,*/*;q=0.8,application/signed-exchange;v=b3',
  'sec-fetch-site' => 'same-origin',
  'sec-fetch-mode' => 'navigate',
  'referer' => 'http://localhost:8000/index.php?s=/user/auth/userindex.html',
  'accept-encoding' => 'gzip, deflate, br',
  'accept-language' => 'zh-CN,zh;q=0.9',
  'cookie' => 'PHPSESSID=86n9of52cgnqfvl27cfej2f2me',
)
[ info ] [ PARAM ] array (
)
[ info ] [ DB ] INIT mysql
[ info ] [ VIEW ] F:\workspace\php\store\application\user\view\market\coupon\index.html [ array (
  0 => 'base_url',
  1 => 'store_url',
  2 => 'group',
  3 => 'url',
  4 => 'menu',
  5 => 'store',
  6 => 'request',
  7 => 'list',
) ]
---------------------------------------------------------------
[2019-12-13T16:15:41+08:00] 127.0.0.1 GET localhost:8000/index.php?s=/user/app/setting.html
[运行时间：0.069917s] [吞吐率：14.30req/s] [内存消耗：4,105.05kb] [文件加载：92]
[ info ] [ LANG ] F:\workspace\php\store\thinkphp\lang\zh-cn.php
[ info ] [ ROUTE ] array (
)
[ info ] [ HEADER ] array (
  'host' => 'localhost:8000',
  'connection' => 'keep-alive',
  'upgrade-insecure-requests' => '1',
  'user-agent' => 'Mozilla/5.0 (Windows NT 10.0; WOW64) AppleWebKit/537.36 (KHTML, like Gecko) Chrome/78.0.3904.70 Safari/537.36',
  'sec-fetch-user' => '?1',
  'accept' => 'text/html,application/xhtml+xml,application/xml;q=0.9,image/webp,image/apng,*/*;q=0.8,application/signed-exchange;v=b3',
  'sec-fetch-site' => 'same-origin',
  'sec-fetch-mode' => 'navigate',
  'referer' => 'http://localhost:8000/index.php?s=/user/market/coupon.html',
  'accept-encoding' => 'gzip, deflate, br',
  'accept-language' => 'zh-CN,zh;q=0.9',
  'cookie' => 'PHPSESSID=86n9of52cgnqfvl27cfej2f2me',
)
[ info ] [ PARAM ] array (
)
[ info ] [ DB ] INIT mysql
[ info ] [ VIEW ] F:\workspace\php\store\application\user\view\app\setting.html [ array (
  0 => 'base_url',
  1 => 'store_url',
  2 => 'group',
  3 => 'url',
  4 => 'menu',
  5 => 'store',
  6 => 'request',
  7 => 'app',
) ]
---------------------------------------------------------------
[2019-12-13T16:15:49+08:00] 127.0.0.1 GET localhost:8000/index.php?s=/user/auth/userindex.html
[运行时间：0.071238s] [吞吐率：14.04req/s] [内存消耗：4,073.75kb] [文件加载：94]
[ info ] [ LANG ] F:\workspace\php\store\thinkphp\lang\zh-cn.php
[ info ] [ ROUTE ] array (
)
[ info ] [ HEADER ] array (
  'host' => 'localhost:8000',
  'connection' => 'keep-alive',
  'upgrade-insecure-requests' => '1',
  'user-agent' => 'Mozilla/5.0 (Windows NT 10.0; WOW64) AppleWebKit/537.36 (KHTML, like Gecko) Chrome/78.0.3904.70 Safari/537.36',
  'sec-fetch-user' => '?1',
  'accept' => 'text/html,application/xhtml+xml,application/xml;q=0.9,image/webp,image/apng,*/*;q=0.8,application/signed-exchange;v=b3',
  'sec-fetch-site' => 'same-origin',
  'sec-fetch-mode' => 'navigate',
  'referer' => 'http://localhost:8000/index.php?s=/user/app/setting.html',
  'accept-encoding' => 'gzip, deflate, br',
  'accept-language' => 'zh-CN,zh;q=0.9',
  'cookie' => 'PHPSESSID=86n9of52cgnqfvl27cfej2f2me',
)
[ info ] [ PARAM ] array (
)
[ info ] [ DB ] INIT mysql
[ info ] [ VIEW ] F:\workspace\php\store\application\user\view\auth\user\index.html [ array (
  0 => 'base_url',
  1 => 'store_url',
  2 => 'group',
  3 => 'url',
  4 => 'menu',
  5 => 'store',
  6 => 'request',
  7 => 'list',
  8 => 'page',
  9 => 'tatal',
) ]
---------------------------------------------------------------
[2019-12-13T16:15:55+08:00] 127.0.0.1 GET localhost:8000/index.php?s=/user/index/proposal.html
[运行时间：0.074972s] [吞吐率：13.34req/s] [内存消耗：4,130.27kb] [文件加载：92]
[ info ] [ LANG ] F:\workspace\php\store\thinkphp\lang\zh-cn.php
[ info ] [ ROUTE ] array (
)
[ info ] [ HEADER ] array (
  'host' => 'localhost:8000',
  'connection' => 'keep-alive',
  'upgrade-insecure-requests' => '1',
  'user-agent' => 'Mozilla/5.0 (Windows NT 10.0; WOW64) AppleWebKit/537.36 (KHTML, like Gecko) Chrome/78.0.3904.70 Safari/537.36',
  'sec-fetch-user' => '?1',
  'accept' => 'text/html,application/xhtml+xml,application/xml;q=0.9,image/webp,image/apng,*/*;q=0.8,application/signed-exchange;v=b3',
  'sec-fetch-site' => 'same-origin',
  'sec-fetch-mode' => 'navigate',
  'referer' => 'http://localhost:8000/index.php?s=/user/auth/userindex.html',
  'accept-encoding' => 'gzip, deflate, br',
  'accept-language' => 'zh-CN,zh;q=0.9',
  'cookie' => 'PHPSESSID=86n9of52cgnqfvl27cfej2f2me',
)
[ info ] [ PARAM ] array (
)
[ info ] [ DB ] INIT mysql
[ info ] [ VIEW ] F:\workspace\php\store\application\user\view\index\proposal.html [ array (
  0 => 'base_url',
  1 => 'store_url',
  2 => 'group',
  3 => 'url',
  4 => 'menu',
  5 => 'store',
  6 => 'request',
) ]
---------------------------------------------------------------
[2019-12-13T16:16:00+08:00] 127.0.0.1 GET localhost:8000/index.php?s=/user/auth/userindex.html
[运行时间：0.089748s] [吞吐率：11.14req/s] [内存消耗：4,073.68kb] [文件加载：94]
[ info ] [ LANG ] F:\workspace\php\store\thinkphp\lang\zh-cn.php
[ info ] [ ROUTE ] array (
)
[ info ] [ HEADER ] array (
  'host' => 'localhost:8000',
  'connection' => 'keep-alive',
  'upgrade-insecure-requests' => '1',
  'user-agent' => 'Mozilla/5.0 (Windows NT 10.0; WOW64) AppleWebKit/537.36 (KHTML, like Gecko) Chrome/78.0.3904.70 Safari/537.36',
  'accept' => 'text/html,application/xhtml+xml,application/xml;q=0.9,image/webp,image/apng,*/*;q=0.8,application/signed-exchange;v=b3',
  'sec-fetch-site' => 'same-origin',
  'sec-fetch-mode' => 'navigate',
  'referer' => 'http://localhost:8000/index.php?s=/user/app/setting.html',
  'accept-encoding' => 'gzip, deflate, br',
  'accept-language' => 'zh-CN,zh;q=0.9',
  'cookie' => 'PHPSESSID=86n9of52cgnqfvl27cfej2f2me',
)
[ info ] [ PARAM ] array (
)
[ info ] [ DB ] INIT mysql
[ info ] [ VIEW ] F:\workspace\php\store\application\user\view\auth\user\index.html [ array (
  0 => 'base_url',
  1 => 'store_url',
  2 => 'group',
  3 => 'url',
  4 => 'menu',
  5 => 'store',
  6 => 'request',
  7 => 'list',
  8 => 'page',
  9 => 'tatal',
) ]
---------------------------------------------------------------
[2019-12-13T16:16:03+08:00] 127.0.0.1 GET localhost:8000/index.php?s=/user/index/index.html
[运行时间：0.091355s] [吞吐率：10.95req/s] [内存消耗：4,720.99kb] [文件加载：102]
[ info ] [ LANG ] F:\workspace\php\store\thinkphp\lang\zh-cn.php
[ info ] [ ROUTE ] array (
)
[ info ] [ HEADER ] array (
  'host' => 'localhost:8000',
  'connection' => 'keep-alive',
  'upgrade-insecure-requests' => '1',
  'user-agent' => 'Mozilla/5.0 (Windows NT 10.0; WOW64) AppleWebKit/537.36 (KHTML, like Gecko) Chrome/78.0.3904.70 Safari/537.36',
  'sec-fetch-user' => '?1',
  'accept' => 'text/html,application/xhtml+xml,application/xml;q=0.9,image/webp,image/apng,*/*;q=0.8,application/signed-exchange;v=b3',
  'sec-fetch-site' => 'same-origin',
  'sec-fetch-mode' => 'navigate',
  'referer' => 'http://localhost:8000/index.php?s=/user/auth/userindex.html',
  'accept-encoding' => 'gzip, deflate, br',
  'accept-language' => 'zh-CN,zh;q=0.9',
  'cookie' => 'PHPSESSID=86n9of52cgnqfvl27cfej2f2me',
)
[ info ] [ PARAM ] array (
)
[ info ] [ DB ] INIT mysql
[ info ] [ VIEW ] F:\workspace\php\store\application\user\view\index\index.html [ array (
  0 => 'base_url',
  1 => 'store_url',
  2 => 'group',
  3 => 'url',
  4 => 'menu',
  5 => 'store',
  6 => 'request',
  7 => 'data',
  8 => 'version',
  9 => 'log',
) ]
---------------------------------------------------------------
[2019-12-13T16:16:49+08:00] 127.0.0.1 GET localhost:8000/index.php?s=/user/tpl/index.html
[运行时间：0.063490s] [吞吐率：15.75req/s] [内存消耗：4,226.34kb] [文件加载：95]
[ info ] [ LANG ] F:\workspace\php\store\thinkphp\lang\zh-cn.php
[ info ] [ ROUTE ] array (
)
[ info ] [ HEADER ] array (
  'host' => 'localhost:8000',
  'connection' => 'keep-alive',
  'upgrade-insecure-requests' => '1',
  'user-agent' => 'Mozilla/5.0 (Windows NT 10.0; WOW64) AppleWebKit/537.36 (KHTML, like Gecko) Chrome/78.0.3904.70 Safari/537.36',
  'sec-fetch-user' => '?1',
  'accept' => 'text/html,application/xhtml+xml,application/xml;q=0.9,image/webp,image/apng,*/*;q=0.8,application/signed-exchange;v=b3',
  'sec-fetch-site' => 'same-origin',
  'sec-fetch-mode' => 'navigate',
  'referer' => 'http://localhost:8000/index.php?s=/user/index/index.html',
  'accept-encoding' => 'gzip, deflate, br',
  'accept-language' => 'zh-CN,zh;q=0.9',
  'cookie' => 'PHPSESSID=86n9of52cgnqfvl27cfej2f2me',
)
[ info ] [ PARAM ] array (
)
[ info ] [ DB ] INIT mysql
[ info ] [ VIEW ] F:\workspace\php\store\application\user\view\tpl\index.html [ array (
  0 => 'base_url',
  1 => 'store_url',
  2 => 'group',
  3 => 'url',
  4 => 'menu',
  5 => 'store',
  6 => 'request',
  7 => 'list',
) ]
---------------------------------------------------------------
[2019-12-13T16:16:53+08:00] 127.0.0.1 GET localhost:8000/index.php?s=/user/app/setting.html
[运行时间：0.098014s] [吞吐率：10.20req/s] [内存消耗：3,922.97kb] [文件加载：90]
[ info ] [ LANG ] F:\workspace\php\store\thinkphp\lang\zh-cn.php
[ info ] [ ROUTE ] array (
)
[ info ] [ HEADER ] array (
  'host' => 'localhost:8000',
  'connection' => 'keep-alive',
  'upgrade-insecure-requests' => '1',
  'user-agent' => 'Mozilla/5.0 (Windows NT 10.0; WOW64) AppleWebKit/537.36 (KHTML, like Gecko) Chrome/78.0.3904.70 Safari/537.36',
  'sec-fetch-user' => '?1',
  'accept' => 'text/html,application/xhtml+xml,application/xml;q=0.9,image/webp,image/apng,*/*;q=0.8,application/signed-exchange;v=b3',
  'sec-fetch-site' => 'same-origin',
  'sec-fetch-mode' => 'navigate',
  'referer' => 'http://localhost:8000/index.php?s=/user/tpl/index.html',
  'accept-encoding' => 'gzip, deflate, br',
  'accept-language' => 'zh-CN,zh;q=0.9',
  'cookie' => 'PHPSESSID=86n9of52cgnqfvl27cfej2f2me',
)
[ info ] [ PARAM ] array (
)
[ info ] [ DB ] INIT mysql
[ info ] [ VIEW ] F:\workspace\php\store\application\user\view\app\setting.html [ array (
  0 => 'base_url',
  1 => 'store_url',
  2 => 'group',
  3 => 'url',
  4 => 'menu',
  5 => 'store',
  6 => 'request',
  7 => 'app',
) ]
---------------------------------------------------------------
[2019-12-13T16:16:56+08:00] 127.0.0.1 GET localhost:8000/index.php?s=/user/market/coupon.html
[运行时间：0.063876s] [吞吐率：15.66req/s] [内存消耗：4,111.84kb] [文件加载：95]
[ info ] [ LANG ] F:\workspace\php\store\thinkphp\lang\zh-cn.php
[ info ] [ ROUTE ] array (
)
[ info ] [ HEADER ] array (
  'host' => 'localhost:8000',
  'connection' => 'keep-alive',
  'upgrade-insecure-requests' => '1',
  'user-agent' => 'Mozilla/5.0 (Windows NT 10.0; WOW64) AppleWebKit/537.36 (KHTML, like Gecko) Chrome/78.0.3904.70 Safari/537.36',
  'sec-fetch-user' => '?1',
  'accept' => 'text/html,application/xhtml+xml,application/xml;q=0.9,image/webp,image/apng,*/*;q=0.8,application/signed-exchange;v=b3',
  'sec-fetch-site' => 'same-origin',
  'sec-fetch-mode' => 'navigate',
  'referer' => 'http://localhost:8000/index.php?s=/user/app/setting.html',
  'accept-encoding' => 'gzip, deflate, br',
  'accept-language' => 'zh-CN,zh;q=0.9',
  'cookie' => 'PHPSESSID=86n9of52cgnqfvl27cfej2f2me',
)
[ info ] [ PARAM ] array (
)
[ info ] [ DB ] INIT mysql
[ info ] [ VIEW ] F:\workspace\php\store\application\user\view\market\coupon\index.html [ array (
  0 => 'base_url',
  1 => 'store_url',
  2 => 'group',
  3 => 'url',
  4 => 'menu',
  5 => 'store',
  6 => 'request',
  7 => 'list',
) ]
---------------------------------------------------------------
[2019-12-13T17:02:09+08:00] 127.0.0.1 GET localhost:8000/index.php?s=/user/index/index.html
[运行时间：0.136552s] [吞吐率：7.32req/s] [内存消耗：4,720.99kb] [文件加载：102]
[ info ] [ LANG ] F:\workspace\php\store\thinkphp\lang\zh-cn.php
[ info ] [ ROUTE ] array (
)
[ info ] [ HEADER ] array (
  'host' => 'localhost:8000',
  'connection' => 'keep-alive',
  'upgrade-insecure-requests' => '1',
  'user-agent' => 'Mozilla/5.0 (Windows NT 10.0; WOW64) AppleWebKit/537.36 (KHTML, like Gecko) Chrome/78.0.3904.70 Safari/537.36',
  'sec-fetch-user' => '?1',
  'accept' => 'text/html,application/xhtml+xml,application/xml;q=0.9,image/webp,image/apng,*/*;q=0.8,application/signed-exchange;v=b3',
  'sec-fetch-site' => 'same-origin',
  'sec-fetch-mode' => 'navigate',
  'referer' => 'http://localhost:8000/index.php?s=/user/market/coupon.html',
  'accept-encoding' => 'gzip, deflate, br',
  'accept-language' => 'zh-CN,zh;q=0.9',
  'cookie' => 'PHPSESSID=86n9of52cgnqfvl27cfej2f2me',
)
[ info ] [ PARAM ] array (
)
[ info ] [ DB ] INIT mysql
[ info ] [ VIEW ] F:\workspace\php\store\application\user\view\index\index.html [ array (
  0 => 'base_url',
  1 => 'store_url',
  2 => 'group',
  3 => 'url',
  4 => 'menu',
  5 => 'store',
  6 => 'request',
  7 => 'data',
  8 => 'version',
  9 => 'log',
) ]
---------------------------------------------------------------
[2019-12-13T17:12:15+08:00] 127.0.0.1 GET localhost:8000/index.php?s=/user/index/index.html
[运行时间：0.128114s] [吞吐率：7.81req/s] [内存消耗：4,721.20kb] [文件加载：102]
[ info ] [ LANG ] F:\workspace\php\store\thinkphp\lang\zh-cn.php
[ info ] [ ROUTE ] array (
)
[ info ] [ HEADER ] array (
  'host' => 'localhost:8000',
  'connection' => 'keep-alive',
  'cache-control' => 'max-age=0',
  'upgrade-insecure-requests' => '1',
  'user-agent' => 'Mozilla/5.0 (Windows NT 10.0; WOW64) AppleWebKit/537.36 (KHTML, like Gecko) Chrome/78.0.3904.70 Safari/537.36',
  'sec-fetch-user' => '?1',
  'accept' => 'text/html,application/xhtml+xml,application/xml;q=0.9,image/webp,image/apng,*/*;q=0.8,application/signed-exchange;v=b3',
  'sec-fetch-site' => 'same-origin',
  'sec-fetch-mode' => 'navigate',
  'referer' => 'http://localhost:8000/index.php?s=/user/market/coupon.html',
  'accept-encoding' => 'gzip, deflate, br',
  'accept-language' => 'zh-CN,zh;q=0.9',
  'cookie' => 'PHPSESSID=86n9of52cgnqfvl27cfej2f2me',
)
[ info ] [ PARAM ] array (
)
[ info ] [ DB ] INIT mysql
[ info ] [ VIEW ] F:\workspace\php\store\application\user\view\index\index.html [ array (
  0 => 'base_url',
  1 => 'store_url',
  2 => 'group',
  3 => 'url',
  4 => 'menu',
  5 => 'store',
  6 => 'request',
  7 => 'data',
  8 => 'version',
  9 => 'log',
) ]
