---------------------------------------------------------------
[2019-12-17T11:13:46+08:00] 127.0.0.1 GET store.test.com/index.php?s=/user/index/index.html
[运行时间：0.135101s] [吞吐率：7.40req/s] [内存消耗：4,720.79kb] [文件加载：101]
[ info ] [ LANG ] F:\workspace\php\store\thinkphp\lang\zh-cn.php
[ info ] [ ROUTE ] array (
)
[ info ] [ HEADER ] array (
  'host' => 'store.test.com',
  'connection' => 'keep-alive',
  'cache-control' => 'max-age=0',
  'upgrade-insecure-requests' => '1',
  'user-agent' => 'Mozilla/5.0 (Windows NT 10.0; WOW64) AppleWebKit/537.36 (KHTML, like Gecko) Chrome/78.0.3904.70 Safari/537.36',
  'accept' => 'text/html,application/xhtml+xml,application/xml;q=0.9,image/webp,image/apng,*/*;q=0.8,application/signed-exchange;v=b3',
  'referer' => 'http://store.test.com/index.php?s=/user/user/index.html',
  'accept-encoding' => 'gzip, deflate',
  'accept-language' => 'zh-CN,zh;q=0.9',
  'cookie' => 'PHPSESSID=5hjh3715392hoqvm7qtotjrp2f',
)
[ info ] [ PARAM ] array (
)
[ info ] [ DB ] INIT mysql
[ info ] [ VIEW ] F:\workspace\php\store\application\user\view\index\index.html [ array (
  0 => 'base_url',
  1 => 'store_url',
  2 => 'group',
  3 => 'url',
  4 => 'menu',
  5 => 'store',
  6 => 'request',
  7 => 'data',
  8 => 'version',
  9 => 'log',
) ]
---------------------------------------------------------------
[2019-12-17T11:13:47+08:00] 127.0.0.1 GET store.test.com/index.php?s=/user/index/index.html
[运行时间：0.091206s] [吞吐率：10.96req/s] [内存消耗：4,720.80kb] [文件加载：101]
[ info ] [ LANG ] F:\workspace\php\store\thinkphp\lang\zh-cn.php
[ info ] [ ROUTE ] array (
)
[ info ] [ HEADER ] array (
  'host' => 'store.test.com',
  'connection' => 'keep-alive',
  'cache-control' => 'max-age=0',
  'upgrade-insecure-requests' => '1',
  'user-agent' => 'Mozilla/5.0 (Windows NT 10.0; WOW64) AppleWebKit/537.36 (KHTML, like Gecko) Chrome/78.0.3904.70 Safari/537.36',
  'accept' => 'text/html,application/xhtml+xml,application/xml;q=0.9,image/webp,image/apng,*/*;q=0.8,application/signed-exchange;v=b3',
  'referer' => 'http://store.test.com/index.php?s=/user/user/index.html',
  'accept-encoding' => 'gzip, deflate',
  'accept-language' => 'zh-CN,zh;q=0.9',
  'cookie' => 'PHPSESSID=5hjh3715392hoqvm7qtotjrp2f',
)
[ info ] [ PARAM ] array (
)
[ info ] [ DB ] INIT mysql
[ info ] [ VIEW ] F:\workspace\php\store\application\user\view\index\index.html [ array (
  0 => 'base_url',
  1 => 'store_url',
  2 => 'group',
  3 => 'url',
  4 => 'menu',
  5 => 'store',
  6 => 'request',
  7 => 'data',
  8 => 'version',
  9 => 'log',
) ]
